[INFO] Scanning for projects...
[INFO] 
[INFO] ----------------< dev.coms4156.project:100of100Service >----------------
[INFO] Building 100of100Service 0.0.1-SNAPSHOT
[INFO]   from pom.xml
[INFO] --------------------------------[ jar ]---------------------------------
[INFO] 
[INFO] --- checkstyle:3.2.0:check (default-cli) @ 100of100Service ---
[INFO] Starting audit...
[WARN] /Users/alex/Documents/Columbia-2024Fall/COMS4156-Advanced_Software_Engineering/100-of-100-service-team/100of100Service/src/main/java/dev/coms4156/project/ServiceApplication.java:12:3: Missing a Javadoc comment. [MissingJavadocMethod]
[WARN] /Users/alex/Documents/Columbia-2024Fall/COMS4156-Advanced_Software_Engineering/100-of-100-service-team/100of100Service/src/main/java/dev/coms4156/project/HrDatabaseFacade.java:162:27: WhitespaceAround: ':' is not preceded with whitespace. [WhitespaceAround]
[WARN] /Users/alex/Documents/Columbia-2024Fall/COMS4156-Advanced_Software_Engineering/100-of-100-service-team/100of100Service/src/main/java/dev/coms4156/project/HrDatabaseFacade.java:296:3: Missing a Javadoc comment. [MissingJavadocMethod]
[WARN] /Users/alex/Documents/Columbia-2024Fall/COMS4156-Advanced_Software_Engineering/100-of-100-service-team/100of100Service/src/main/java/dev/coms4156/project/HrDatabaseFacade.java:311:3: Missing a Javadoc comment. [MissingJavadocMethod]
[WARN] /Users/alex/Documents/Columbia-2024Fall/COMS4156-Advanced_Software_Engineering/100-of-100-service-team/100of100Service/src/main/java/dev/coms4156/project/Department.java:98: Javadoc tag '@return' should be preceded with an empty line. [RequireEmptyLineBeforeBlockTagGroup]
[WARN] /Users/alex/Documents/Columbia-2024Fall/COMS4156-Advanced_Software_Engineering/100-of-100-service-team/100of100Service/src/main/java/dev/coms4156/project/Department.java:100:3: 'METHOD_DEF' should be separated from previous line. [EmptyLineSeparator]
[WARN] /Users/alex/Documents/Columbia-2024Fall/COMS4156-Advanced_Software_Engineering/100-of-100-service-team/100of100Service/src/main/java/dev/coms4156/project/Department.java:104: Line is longer than 100 characters (found 112). [LineLength]
[WARN] /Users/alex/Documents/Columbia-2024Fall/COMS4156-Advanced_Software_Engineering/100-of-100-service-team/100of100Service/src/main/java/dev/coms4156/project/Department.java:112: Javadoc tag '@return' should be preceded with an empty line. [RequireEmptyLineBeforeBlockTagGroup]
[WARN] /Users/alex/Documents/Columbia-2024Fall/COMS4156-Advanced_Software_Engineering/100-of-100-service-team/100of100Service/src/main/java/dev/coms4156/project/Department.java:162: Javadoc tag '@return' should be preceded with an empty line. [RequireEmptyLineBeforeBlockTagGroup]
[WARN] /Users/alex/Documents/Columbia-2024Fall/COMS4156-Advanced_Software_Engineering/100-of-100-service-team/100of100Service/src/main/java/dev/coms4156/project/MysqlConnection.java:5:1: Extra separation in import group before 'java.sql.Connection' [CustomImportOrder]
[WARN] /Users/alex/Documents/Columbia-2024Fall/COMS4156-Advanced_Software_Engineering/100-of-100-service-team/100of100Service/src/main/java/dev/coms4156/project/MysqlConnection.java:274: Line is longer than 100 characters (found 106). [LineLength]
[WARN] /Users/alex/Documents/Columbia-2024Fall/COMS4156-Advanced_Software_Engineering/100-of-100-service-team/100of100Service/src/main/java/dev/coms4156/project/MysqlConnection.java:445: Line is longer than 100 characters (found 105). [LineLength]
[WARN] /Users/alex/Documents/Columbia-2024Fall/COMS4156-Advanced_Software_Engineering/100-of-100-service-team/100of100Service/src/main/java/dev/coms4156/project/MysqlConnection.java:466: Line is longer than 100 characters (found 117). [LineLength]
[WARN] /Users/alex/Documents/Columbia-2024Fall/COMS4156-Advanced_Software_Engineering/100-of-100-service-team/100of100Service/src/main/java/dev/coms4156/project/MysqlConnection.java:476: Line is longer than 100 characters (found 101). [LineLength]
[WARN] /Users/alex/Documents/Columbia-2024Fall/COMS4156-Advanced_Software_Engineering/100-of-100-service-team/100of100Service/src/main/java/dev/coms4156/project/MysqlConnection.java:490: Line is longer than 100 characters (found 106). [LineLength]
[WARN] /Users/alex/Documents/Columbia-2024Fall/COMS4156-Advanced_Software_Engineering/100-of-100-service-team/100of100Service/src/main/java/dev/coms4156/project/MysqlConnection.java:501: Line is longer than 100 characters (found 109). [LineLength]
[WARN] /Users/alex/Documents/Columbia-2024Fall/COMS4156-Advanced_Software_Engineering/100-of-100-service-team/100of100Service/src/main/java/dev/coms4156/project/MysqlConnection.java:537: Line is longer than 100 characters (found 103). [LineLength]
[WARN] /Users/alex/Documents/Columbia-2024Fall/COMS4156-Advanced_Software_Engineering/100-of-100-service-team/100of100Service/src/main/java/dev/coms4156/project/utils/CodecUtils.java:5:1: Missing a Javadoc comment. [MissingJavadocType]
[WARN] /Users/alex/Documents/Columbia-2024Fall/COMS4156-Advanced_Software_Engineering/100-of-100-service-team/100of100Service/src/main/java/dev/coms4156/project/utils/CodecUtils.java:6: First sentence of Javadoc is missing an ending period. [SummaryJavadoc]
[WARN] /Users/alex/Documents/Columbia-2024Fall/COMS4156-Advanced_Software_Engineering/100-of-100-service-team/100of100Service/src/main/java/dev/coms4156/project/command/RegisterCmd.java:4:1: Wrong lexicographical order for 'dev.coms4156.project.HrDatabaseFacade' import. Should be before 'dev.coms4156.project.utils.CodecUtils'. [CustomImportOrder]
[WARN] /Users/alex/Documents/Columbia-2024Fall/COMS4156-Advanced_Software_Engineering/100-of-100-service-team/100of100Service/src/main/java/dev/coms4156/project/command/RegisterCmd.java:5:1: Wrong lexicographical order for 'dev.coms4156.project.Organization' import. Should be before 'dev.coms4156.project.utils.CodecUtils'. [CustomImportOrder]
[WARN] /Users/alex/Documents/Columbia-2024Fall/COMS4156-Advanced_Software_Engineering/100-of-100-service-team/100of100Service/src/main/java/dev/coms4156/project/command/RemoveEmpFromDeptCmd.java:35:5: Distance between variable 'response' declaration and its first usage is 4, but allowed 3.  Consider making that variable final if you still need to store its value in advance (before method calls that might have side effects on the original value). [VariableDeclarationUsageDistance]
[WARN] /Users/alex/Documents/Columbia-2024Fall/COMS4156-Advanced_Software_Engineering/100-of-100-service-team/100of100Service/src/main/java/dev/coms4156/project/command/SetDeptHeadCmd.java:35:5: Distance between variable 'response' declaration and its first usage is 5, but allowed 3.  Consider making that variable final if you still need to store its value in advance (before method calls that might have side effects on the original value). [VariableDeclarationUsageDistance]
[WARN] /Users/alex/Documents/Columbia-2024Fall/COMS4156-Advanced_Software_Engineering/100-of-100-service-team/100of100Service/src/main/java/dev/coms4156/project/command/AddEmpToDeptCmd.java:53:5: Distance between variable 'response' declaration and its first usage is 5, but allowed 3.  Consider making that variable final if you still need to store its value in advance (before method calls that might have side effects on the original value). [VariableDeclarationUsageDistance]
[WARN] /Users/alex/Documents/Columbia-2024Fall/COMS4156-Advanced_Software_Engineering/100-of-100-service-team/100of100Service/src/main/java/dev/coms4156/project/command/AddEmpToDeptCmd.java:78: Line is longer than 100 characters (found 115). [LineLength]
[WARN] /Users/alex/Documents/Columbia-2024Fall/COMS4156-Advanced_Software_Engineering/100-of-100-service-team/100of100Service/src/main/java/dev/coms4156/project/exception/GlobalExceptionHandler.java:7:1: Wrong lexicographical order for 'java.util.HashMap' import. Should be before 'org.springframework.web.bind.annotation.RestControllerAdvice'. [CustomImportOrder]
[WARN] /Users/alex/Documents/Columbia-2024Fall/COMS4156-Advanced_Software_Engineering/100-of-100-service-team/100of100Service/src/main/java/dev/coms4156/project/exception/GlobalExceptionHandler.java:8:1: Wrong lexicographical order for 'java.util.Map' import. Should be before 'org.springframework.web.bind.annotation.RestControllerAdvice'. [CustomImportOrder]
[WARN] /Users/alex/Documents/Columbia-2024Fall/COMS4156-Advanced_Software_Engineering/100-of-100-service-team/100of100Service/src/main/java/dev/coms4156/project/exception/GlobalExceptionHandler.java:33:3: Missing a Javadoc comment. [MissingJavadocMethod]
[WARN] /Users/alex/Documents/Columbia-2024Fall/COMS4156-Advanced_Software_Engineering/100-of-100-service-team/100of100Service/src/main/java/dev/coms4156/project/exception/GlobalExceptionHandler.java:40:3: Missing a Javadoc comment. [MissingJavadocMethod]
[WARN] /Users/alex/Documents/Columbia-2024Fall/COMS4156-Advanced_Software_Engineering/100-of-100-service-team/100of100Service/src/main/java/dev/coms4156/project/exception/GlobalExceptionHandler.java:47:3: Missing a Javadoc comment. [MissingJavadocMethod]
[WARN] /Users/alex/Documents/Columbia-2024Fall/COMS4156-Advanced_Software_Engineering/100-of-100-service-team/100of100Service/src/main/java/dev/coms4156/project/exception/GlobalExceptionHandler.java:54:3: Missing a Javadoc comment. [MissingJavadocMethod]
[WARN] /Users/alex/Documents/Columbia-2024Fall/COMS4156-Advanced_Software_Engineering/100-of-100-service-team/100of100Service/src/test/java/dev/coms4156/project/RouteControllerTest.java:405: Line is longer than 100 characters (found 101). [LineLength]
[WARN] /Users/alex/Documents/Columbia-2024Fall/COMS4156-Advanced_Software_Engineering/100-of-100-service-team/100of100Service/src/test/java/dev/coms4156/project/RouteControllerTest.java:416: Line is longer than 100 characters (found 111). [LineLength]
[WARN] /Users/alex/Documents/Columbia-2024Fall/COMS4156-Advanced_Software_Engineering/100-of-100-service-team/100of100Service/src/test/java/dev/coms4156/project/ExceptionTest.java:63: Line is longer than 100 characters (found 105). [LineLength]
[WARN] /Users/alex/Documents/Columbia-2024Fall/COMS4156-Advanced_Software_Engineering/100-of-100-service-team/100of100Service/src/test/java/dev/coms4156/project/ExceptionTest.java:64: Line is longer than 100 characters (found 117). [LineLength]
Audit done.
[INFO] You have 0 Checkstyle violations.
[INFO] ------------------------------------------------------------------------
[INFO] BUILD SUCCESS
[INFO] ------------------------------------------------------------------------
[INFO] Total time:  1.297 s
[INFO] Finished at: 2024-11-23T11:31:10-05:00
[INFO] ------------------------------------------------------------------------
